2023-04-18 20:47:53 INFO  Log:12 - ****************************
2023-04-18 20:47:53 INFO  Log:13 - ****************************
2023-04-18 20:47:53 INFO  Log:15 - ************* This is the beginning of my Test case *************
2023-04-18 20:47:53 INFO  Log:28 - My test case is executing right now
2023-04-18 20:47:53 INFO  Log:33 - My test case might have some trivial issues
2023-04-18 20:48:03 INFO  Log:28 - This test case is about to get completed
2023-04-18 20:48:03 INFO  Log:20 - #############################
2023-04-18 20:48:03 INFO  Log:21 - #############################
2023-04-18 20:48:03 INFO  Log:23 - ############# This test case is finished #############
2023-04-18 20:48:05 INFO  Log:12 - ****************************
2023-04-18 20:48:05 INFO  Log:13 - ****************************
2023-04-18 20:48:05 INFO  Log:15 - ************* This is the beginning of my Test case *************
2023-04-18 20:48:05 INFO  Log:28 - My test case is executing right now
2023-04-18 20:48:05 INFO  Log:33 - My test case might have some trivial issues
2023-04-18 20:48:07 INFO  Log:28 - This test case is about to get completed
2023-04-18 20:48:07 INFO  Log:20 - #############################
2023-04-18 20:48:07 INFO  Log:21 - #############################
2023-04-18 20:48:07 INFO  Log:23 - ############# This test case is finished #############
2023-04-18 21:16:56 INFO  Log:12 - ****************************
2023-04-18 21:16:56 INFO  Log:13 - ****************************
2023-04-18 21:16:56 INFO  Log:15 - ************* This is the beginning of my Test case *************
2023-04-18 21:16:56 INFO  Log:28 - My test case is executing right now
2023-04-18 21:16:56 INFO  Log:33 - My test case might have some trivial issues
2023-04-18 21:17:04 INFO  Log:28 - This test case is about to get completed
2023-04-18 21:17:04 INFO  Log:20 - #############################
2023-04-18 21:17:04 INFO  Log:21 - #############################
2023-04-18 21:17:04 INFO  Log:23 - ############# This test case is finished #############
2023-04-18 21:17:06 INFO  Log:12 - ****************************
2023-04-18 21:17:06 INFO  Log:13 - ****************************
2023-04-18 21:17:06 INFO  Log:15 - ************* This is the beginning of my Test case *************
2023-04-18 21:17:06 INFO  Log:28 - My test case is executing right now
2023-04-18 21:17:06 INFO  Log:33 - My test case might have some trivial issues
2023-04-18 21:17:08 INFO  Log:28 - This test case is about to get completed
2023-04-18 21:17:08 INFO  Log:20 - #############################
2023-04-18 21:17:08 INFO  Log:21 - #############################
2023-04-18 21:17:08 INFO  Log:23 - ############# This test case is finished #############
2023-04-18 21:44:38 INFO  Log:12 - ****************************
2023-04-18 21:44:38 INFO  Log:13 - ****************************
2023-04-18 21:44:38 INFO  Log:15 - ************* This is the beginning of my Test case *************
2023-04-18 21:44:38 INFO  Log:28 - My test case is executing right now
2023-04-18 21:44:38 INFO  Log:33 - My test case might have some trivial issues
2023-04-18 21:44:45 INFO  Log:28 - This test case is about to get completed
2023-04-18 21:44:45 INFO  Log:20 - #############################
2023-04-18 21:44:45 INFO  Log:21 - #############################
2023-04-18 21:44:45 INFO  Log:23 - ############# This test case is finished #############
2023-04-18 21:44:47 INFO  Log:12 - ****************************
2023-04-18 21:44:47 INFO  Log:13 - ****************************
2023-04-18 21:44:47 INFO  Log:15 - ************* This is the beginning of my Test case *************
2023-04-18 21:44:47 INFO  Log:28 - My test case is executing right now
2023-04-18 21:44:47 INFO  Log:33 - My test case might have some trivial issues
2023-04-18 21:44:49 INFO  Log:28 - This test case is about to get completed
2023-04-18 21:44:49 INFO  Log:20 - #############################
2023-04-18 21:44:49 INFO  Log:21 - #############################
2023-04-18 21:44:49 INFO  Log:23 - ############# This test case is finished #############
2023-04-18 21:59:45 INFO  Log:12 - ****************************
2023-04-18 21:59:45 INFO  Log:13 - ****************************
2023-04-18 21:59:45 INFO  Log:15 - ************* This is the beginning of my Test case *************
2023-04-18 21:59:45 INFO  Log:28 - My test case is executing right now
2023-04-18 21:59:45 INFO  Log:33 - My test case might have some trivial issues
2023-04-18 21:59:53 INFO  Log:28 - This test case is about to get completed
2023-04-18 21:59:53 INFO  Log:20 - #############################
2023-04-18 21:59:53 INFO  Log:21 - #############################
2023-04-18 21:59:53 INFO  Log:23 - ############# This test case is finished #############
2023-04-18 21:59:55 INFO  Log:12 - ****************************
2023-04-18 21:59:55 INFO  Log:13 - ****************************
2023-04-18 21:59:55 INFO  Log:15 - ************* This is the beginning of my Test case *************
2023-04-18 21:59:55 INFO  Log:28 - My test case is executing right now
2023-04-18 21:59:55 INFO  Log:33 - My test case might have some trivial issues
2023-04-18 21:59:57 INFO  Log:28 - This test case is about to get completed
2023-04-18 21:59:57 INFO  Log:20 - #############################
2023-04-18 21:59:57 INFO  Log:21 - #############################
2023-04-18 21:59:57 INFO  Log:23 - ############# This test case is finished #############
2023-04-18 22:01:09 INFO  Log:12 - ****************************
2023-04-18 22:01:09 INFO  Log:13 - ****************************
2023-04-18 22:01:09 INFO  Log:15 - ************* This is the beginning of my Test case *************
2023-04-18 22:01:09 INFO  Log:28 - My test case is executing right now
2023-04-18 22:01:09 INFO  Log:33 - My test case might have some trivial issues
2023-04-18 22:01:17 INFO  Log:28 - This test case is about to get completed
2023-04-18 22:01:17 INFO  Log:20 - #############################
2023-04-18 22:01:17 INFO  Log:21 - #############################
2023-04-18 22:01:17 INFO  Log:23 - ############# This test case is finished #############
2023-04-18 22:01:19 INFO  Log:12 - ****************************
2023-04-18 22:01:19 INFO  Log:13 - ****************************
2023-04-18 22:01:19 INFO  Log:15 - ************* This is the beginning of my Test case *************
2023-04-18 22:01:19 INFO  Log:28 - My test case is executing right now
2023-04-18 22:01:19 INFO  Log:33 - My test case might have some trivial issues
2023-04-18 22:01:21 INFO  Log:28 - This test case is about to get completed
2023-04-18 22:01:21 INFO  Log:20 - #############################
2023-04-18 22:01:21 INFO  Log:21 - #############################
2023-04-18 22:01:21 INFO  Log:23 - ############# This test case is finished #############
